1   3    10  975
2   2     9  566
3   16    9  770
4   21    9  920
5   50    8  726
6   29    8  800
7   27    8  960
8   23    7  508
9   11    7  587
10  31    7  708
11  26    7  792
12  35    7  823
13  39    7  877
14  22    6  439
15  4     6  565
16  34    6  591
17  30    6  747
18  5     5  371
19  18    5  389
20  40    5  395
21  17    5  411
22  62    5  516
23  19    5  659
24  37    5  705
25  47    5  913
26  1     5  934
27  6     4  143
28  56    4  149
29  57    4  158
30  60    4  197
31  7     4  202
32  36    4  224
33  42    4  244
34  52    4  249
35  51    4  251
36  45    4  254
37  59    4  256
38  54    4  276
39  53    4  298
40  12    4  321
41  38    4  323
42  8     4  339
43  9     4  368
44  25    4  374
45  10    4  374
46  44    4  432
47  13    4  513
48  14    4  574
49  66    4  651
50  58    3   85
51  41    3  233
52  55    3  251
53  61    3  255
54  65    3  292
55  49    3  349
56  46    3  359
57  67    3  415
58  63    3  437
59  48    3  599
60  24    3  765
61  20    2  123
62  43    2  242
63  15    2  574
64  33    1   28
65  28    0    0
65  32    0    0
65  64    0    0
65  68    0    0
65  69    0    0
65  70    0    0
65  71    0    0
65  72    0    0
65  73    0    0
65  74    0    0
65  75    0    0
