1   3    10  975
2   2     9  566
3   16    9  770
4   21    9  920
5   27    8  960
6   29    8  800
7   50    8  726
8   23    7  508
9   11    7  587
10  39    7  877
11  35    7  823
12  26    7  792
13  31    7  708
14  22    6  439
15  30    6  747
16  4     6  565
17  34    6  591
18  5     5  371
19  62    5  516
20  40    5  395
21  18    5  389
22  17    5  411
23  19    5  659
24  1     5  934
25  37    5  705
26  47    5  913
27  6     4  143
28  60    4  197
29  7     4  202
30  56    4  149
31  51    4  251
32  57    4  158
33  42    4  244
34  54    4  276
35  45    4  254
36  53    4  298
37  12    4  321
38  36    4  224
39  52    4  249
40  59    4  256
41  9     4  368
42  25    4  374
43  38    4  323
44  8     4  339
45  44    4  432
46  66    4  651
47  10    4  374
48  14    4  574
49  13    4  513
50  58    3   85
51  61    3  255
52  65    3  292
53  41    3  233
54  55    3  251
55  46    3  359
56  49    3  349
57  63    3  437
58  67    3  415
59  24    3  765
60  48    3  599
61  20    2  123
62  43    2  242
63  15    2  574
64  33    1   28
65  28    0    0
65  32    0    0
65  64    0    0
65  68    0    0
65  69    0    0
65  70    0    0
65  71    0    0
65  72    0    0
65  73    0    0
65  74    0    0
65  75    0    0
